<?xml version="1.0" encoding="UTF-8"?>
<!-- Generated by org.testng.reporters.JUnitReportReporter -->
<testsuite hostname="ALIPLR8042" failures="0" tests="4" name="Academy.LoginScreen" time="43.839" errors="0" timestamp="2022-01-31T02:43:11 IST" skipped="0">
  <testcase classname="Academy.LoginScreen" name="homePageNavigation" time="13.449"/>
  <system-out/>
  <testcase classname="Academy.LoginScreen" name="validateInventory" time="0.576"/>
  <system-out/>
  <testcase classname="Academy.LoginScreen" name="topmenubar" time="19.519"/>
  <system-out/>
  <testcase classname="Academy.LoginScreen" name="manufacturingpage" time="10.295"/>
  <system-out/>
</testsuite> <!-- Academy.LoginScreen -->
