<?xml version="1.0" encoding="UTF-8"?>
<!-- Generated by org.testng.reporters.JUnitReportReporter -->
<testsuite hostname="ALIPLR8042" failures="0" tests="4" name="aspireapp.OrderCreationE2E" time="31.125" errors="0" timestamp="2022-02-01T12:44:26 IST" skipped="0">
  <testcase classname="aspireapp.OrderCreationE2E" name="homePageNavigation" time="8.564"/>
  <system-out/>
  <testcase classname="aspireapp.OrderCreationE2E" name="validateInventory" time="0.675"/>
  <system-out/>
  <testcase classname="aspireapp.OrderCreationE2E" name="topmenubar" time="11.572"/>
  <system-out/>
  <testcase classname="aspireapp.OrderCreationE2E" name="manufacturingpage" time="10.314"/>
  <system-out/>
</testsuite> <!-- aspireapp.OrderCreationE2E -->
