<?xml version="1.0" encoding="UTF-8"?>
<!-- Generated by org.testng.reporters.JUnitReportReporter -->
<testsuite hostname="ALIPLR8042" failures="0" tests="1" name="Academy.HomePage" time="5.531" errors="0" timestamp="2022-01-30T01:12:46 IST" skipped="0">
  <testcase classname="Academy.HomePage" name="basePageNavigation" time="5.531"/>
  <system-out/>
</testsuite> <!-- Academy.HomePage -->
